\BOOKMARK [0][-]{chapter.1}{\376\377\147\054\116\146\116\313\176\315}{}% 1
\BOOKMARK [0][-]{chapter.2}{\376\377\142\200\147\057\121\231\117\134\116\316\116\032\200\375\122\233\211\201\154\102\377\010\122\035\176\247\377\011}{}% 2
\BOOKMARK [1][-]{section.2.1}{\376\377\142\200\147\057\121\231\117\134\210\114\116\032}{chapter.2}% 3
\BOOKMARK [1][-]{section.2.2}{\376\377\165\050\142\067\122\006\147\220}{chapter.2}% 4
\BOOKMARK [2][-]{subsection.2.2.1}{\376\377\206\132\142\337\211\322\202\162}{section.2.2}% 5
\BOOKMARK [2][-]{subsection.2.2.2}{\376\377\165\050\142\067\145\305\220\024\127\060\126\376}{section.2.2}% 6
\BOOKMARK [1][-]{section.2.3}{\376\377\121\205\133\271\213\276\213\241}{chapter.2}% 7
\BOOKMARK [2][-]{subsection.2.3.1}{\376\377\147\000\134\017\123\026\145\207\150\143\213\276\213\241}{section.2.3}% 8
\BOOKMARK [2][-]{subsection.2.3.2}{\376\377\117\341\140\157\152\041\127\127\123\026\213\276\213\241}{section.2.3}% 9
\BOOKMARK [2][-]{subsection.2.3.3}{\376\377\123\125\156\220\213\276\213\241\000\040\000\050\000S\000i\000n\000g\000l\000e\000\040\000S\000o\000u\000r\000c\000i\000n\000g\000\051}{section.2.3}% 10
\BOOKMARK [1][-]{section.2.4}{\376\377\121\205\133\271\137\000\123\321\377\010\142\200\147\057\220\350\122\006\377\011}{chapter.2}% 11
\BOOKMARK [2][-]{subsection.2.4.1}{\376\377\000D\000I\000T\000A\000\040\166\204\117\341\140\157\122\006\174\173\147\266\147\204}{section.2.4}% 12
\BOOKMARK [2][-]{subsection.2.4.2}{\376\377\000D\000I\000T\000A\000\040\121\205\133\271\166\204\176\304\176\307}{section.2.4}% 13
\BOOKMARK [2][-]{subsection.2.4.3}{\376\377\121\205\133\271\123\321\136\003}{section.2.4}% 14
\BOOKMARK [2][-]{subsection.2.4.4}{\376\377\150\067\137\017\133\232\122\066}{section.2.4}% 15
\BOOKMARK [2][-]{subsection.2.4.5}{\376\377\123\117\124\014\137\000\123\321}{section.2.4}% 16
\BOOKMARK [1][-]{section.2.5}{\376\377\121\205\133\271\137\000\123\321\377\010\213\355\212\000\220\350\122\006\377\011}{chapter.2}% 17
\BOOKMARK [1][-]{section.2.6}{\376\377\121\205\133\271\155\113\213\325}{chapter.2}% 18
\BOOKMARK [2][-]{subsection.2.6.1}{\376\377\213\355\212\000\215\050\221\317\155\113\213\325}{section.2.6}% 19
\BOOKMARK [2][-]{subsection.2.6.2}{\376\377\145\207\150\143\122\237\200\375\155\113\213\325}{section.2.6}% 20
\BOOKMARK [2][-]{subsection.2.6.3}{\376\377\123\357\165\050\140\047\155\113\213\325}{section.2.6}% 21
\BOOKMARK [0][-]{chapter.3}{\376\377\213\376\172\013\133\211\143\222}{}% 22
\BOOKMARK [1][-]{section.3.1}{\376\377\213\376\172\013\230\171\166\356}{chapter.3}% 23
\BOOKMARK [1][-]{section.3.2}{\376\377\147\037\147\053\213\272\145\207}{chapter.3}% 24
\BOOKMARK [0][-]{chapter.4}{\376\377\142\200\147\057\121\231\117\134}{}% 25
\BOOKMARK [1][-]{section.4.1}{\376\377\142\200\147\057\121\231\117\134\171\072\117\213}{chapter.4}% 26
\BOOKMARK [1][-]{section.4.2}{\376\377\142\200\147\057\121\231\117\134\166\204\133\232\116\111}{chapter.4}% 27
\BOOKMARK [0][-]{chapter.5}{\376\377\206\132\142\337\211\322\202\162}{}% 28
\BOOKMARK [1][-]{section.5.1}{\376\377\145\207\133\146\117\134\124\301\166\204\206\132\142\337\211\322\202\162}{chapter.5}% 29
\BOOKMARK [0][-]{chapter.6}{\376\377\161\046\160\271\134\017\176\304}{}% 30
\BOOKMARK [1][-]{section.6.1}{\376\377\161\046\160\271\134\017\176\304\151\202\217\360}{chapter.6}% 31
\BOOKMARK [2][-]{subsection.6.1.1}{\376\377\133\232\116\111\116\016\200\314\146\157}{section.6.1}% 32
\BOOKMARK [3][-]{subsubsection*.3}{\376\377\161\046\160\271\134\017\176\304\166\204\151\202\137\365}{subsection.6.1.1}% 33
\BOOKMARK [3][-]{subsubsection*.4}{\376\377\161\046\160\271\134\017\176\304\166\204\135\345\117\134\123\237\164\006}{subsection.6.1.1}% 34
\BOOKMARK [3][-]{subsubsection*.5}{\376\377\161\046\160\271\134\017\176\304\166\204\123\206\123\362\154\277\227\151}{subsection.6.1.1}% 35
\BOOKMARK [2][-]{subsection.6.1.2}{\376\377\117\134\165\050\116\016\117\030\122\277}{section.6.1}% 36
\BOOKMARK [3][-]{subsubsection*.6}{\376\377\161\046\160\271\134\017\176\304\166\204\117\134\165\050}{subsection.6.1.2}% 37
\BOOKMARK [3][-]{subsubsection*.7}{\376\377\161\046\160\271\134\017\176\304\166\204\117\030\122\277}{subsection.6.1.2}% 38
\BOOKMARK [1][-]{section.6.2}{\376\377\213\276\213\241\161\046\160\271\134\017\176\304\170\024\172\166}{chapter.6}% 39
\BOOKMARK [2][-]{subsection.6.2.1}{\376\377\220\011\133\232\170\024\172\166\116\073\230\230}{section.6.2}% 40
\BOOKMARK [2][-]{subsection.6.2.2}{\376\377\123\302\116\016\200\005\142\333\122\337\116\016\220\011\142\351}{section.6.2}% 41
\BOOKMARK [3][-]{subsubsection*.8}{\376\377\166\356\150\007\116\272\177\244\166\204\170\156\133\232}{subsection.6.2.2}% 42
\BOOKMARK [3][-]{subsubsection*.9}{\376\377\131\202\117\125\142\333\122\337\220\002\137\123\166\204\123\302\116\016\200\005}{subsection.6.2.2}% 43
\BOOKMARK [2][-]{subsection.6.2.3}{\376\377\122\066\133\232\137\000\145\076\140\047\225\356\230\230}{section.6.2}% 44
\BOOKMARK [2][-]{subsection.6.2.4}{\376\377\145\366\225\364\060\001\127\060\160\271\116\016\213\276\131\007}{section.6.2}% 45
\BOOKMARK [1][-]{section.6.3}{\376\377\142\147\210\114\161\046\160\271\134\017\176\304\170\024\172\166}{chapter.6}% 46
\BOOKMARK [2][-]{subsection.6.3.1}{\376\377\116\073\143\001\116\272\116\016\213\260\137\125\124\130}{section.6.3}% 47
\BOOKMARK [3][-]{subsubsection*.10}{\376\377\116\073\143\001\116\272\166\204\211\322\202\162\116\016\215\043\116\373}{subsection.6.3.1}% 48
\BOOKMARK [3][-]{subsubsection*.11}{\376\377\213\260\137\125\124\130\166\204\211\322\202\162\116\016\215\043\116\373}{subsection.6.3.1}% 49
\BOOKMARK [2][-]{subsection.6.3.2}{\376\377\213\260\137\125\116\016\122\006\147\220}{section.6.3}% 50
\BOOKMARK [3][-]{subsubsection*.12}{\376\377\147\011\145\110\166\204\213\260\137\125\124\214\145\164\164\006\145\271\154\325}{subsection.6.3.2}% 51
\BOOKMARK [3][-]{subsubsection*.13}{\376\377\131\202\117\125\147\011\145\110\122\006\147\220\145\160\143\156}{subsection.6.3.2}% 52
\BOOKMARK [1][-]{section.6.4}{\376\377\145\160\143\156\136\224\165\050}{chapter.6}% 53
\BOOKMARK [2][-]{subsection.6.4.1}{\376\377\155\036\133\337\143\320\160\274}{section.6.4}% 54
\BOOKMARK [2][-]{subsection.6.4.2}{\376\377\142\245\124\112\144\260\121\231}{section.6.4}% 55
\BOOKMARK [2][-]{subsection.6.4.3}{\376\377\176\323\147\234\136\224\165\050}{section.6.4}% 56
\BOOKMARK [3][-]{subsubsection*.14}{\376\377\116\247\124\301\137\000\123\321}{subsection.6.4.3}% 57
\BOOKMARK [3][-]{subsubsection*.15}{\376\377\173\126\165\145\211\304\122\022}{subsection.6.4.3}% 58
\BOOKMARK [3][-]{subsubsection*.16}{\376\377\165\050\142\067\117\123\232\214\145\071\217\333}{subsection.6.4.3}% 59
\BOOKMARK [3][-]{subsubsection*.17}{\376\377\133\236\145\275\124\214\213\304\117\060}{subsection.6.4.3}% 60
\BOOKMARK [1][-]{section.6.5}{\376\377\161\046\160\271\134\017\176\304\166\204\134\100\226\120\140\047\116\016\145\071\217\333\143\252\145\275}{chapter.6}% 61
\BOOKMARK [2][-]{subsection.6.5.1}{\376\377\134\100\226\120\140\047}{section.6.5}% 62
\BOOKMARK [3][-]{subsubsection*.18}{\376\377\116\073\211\302\140\047\124\214\120\117\135\356}{subsection.6.5.1}% 63
\BOOKMARK [3][-]{subsubsection*.19}{\376\377\176\323\147\234\166\204\116\343\210\150\140\047\124\214\154\333\123\026\140\047}{subsection.6.5.1}% 64
\BOOKMARK [2][-]{subsection.6.5.2}{\376\377\145\071\217\333\143\252\145\275}{section.6.5}% 65
\BOOKMARK [3][-]{subsubsection*.20}{\376\377\121\317\134\021\116\073\211\302\140\047\124\214\120\117\135\356}{subsection.6.5.2}% 66
\BOOKMARK [3][-]{subsubsection*.21}{\376\377\143\320\232\330\176\323\147\234\166\204\116\343\210\150\140\047\124\214\154\333\123\026\140\047}{subsection.6.5.2}% 67
\BOOKMARK [1][-]{section.6.6}{\376\377\154\350\141\017\116\213\230\171\116\016\117\046\164\006\200\003\221\317}{chapter.6}% 68
\BOOKMARK [2][-]{subsection.6.6.1}{\376\377\226\220\171\301\117\335\142\244\124\214\123\077\124\015\140\047}{section.6.6}% 69
\BOOKMARK [2][-]{subsection.6.6.2}{\376\377\167\345\140\305\124\014\141\017}{section.6.6}% 70
\BOOKMARK [2][-]{subsection.6.6.3}{\376\377\145\340\120\117\211\301\170\024\172\166}{section.6.6}% 71
\BOOKMARK [2][-]{subsection.6.6.4}{\376\377\117\046\164\006\133\241\147\345}{section.6.6}% 72
\BOOKMARK [1][-]{section.6.7}{\376\377\140\073\176\323\116\016\134\125\147\033}{chapter.6}% 73
\BOOKMARK [2][-]{subsection.6.7.1}{\376\377\140\073\176\323}{section.6.7}% 74
\BOOKMARK [2][-]{subsection.6.7.2}{\376\377\147\052\147\145\123\321\134\125\145\271\124\021}{section.6.7}% 75
\BOOKMARK [2][-]{subsection.6.7.3}{\376\377\134\125\147\033}{section.6.7}% 76
\BOOKMARK [1][-]{section.6.8}{\376\377\123\302\200\003\145\207\163\056}{chapter.6}% 77
\BOOKMARK [0][-]{chapter.7}{\376\377\147\000\134\017\123\026\145\207\150\143\213\276\213\241}{}% 78
\BOOKMARK [1][-]{section.7.1}{\376\377\117\040\176\337\145\207\150\143}{chapter.7}% 79
\BOOKMARK [1][-]{section.7.2}{\376\377\142\020\136\164\133\146\116\140\200\005}{chapter.7}% 80
\BOOKMARK [1][-]{section.7.3}{\376\377\147\000\134\017\123\026\145\207\150\143\213\276\213\241\123\237\122\031}{chapter.7}% 81
\BOOKMARK [2][-]{subsection.7.3.1}{\376\377\0001\000.\000\040\000C\000h\000o\000o\000s\000e\000\040\000a\000n\000\040\000a\000c\000t\000i\000o\000n\000-\000o\000r\000i\000e\000n\000t\000e\000d\000\040\000a\000p\000p\000r\000o\000a\000c\000h}{section.7.3}% 82
\BOOKMARK [2][-]{subsection.7.3.2}{\376\377\0002\000.\000\040\000A\000n\000c\000h\000o\000r\000\040\000t\000h\000e\000\040\000t\000o\000o\000l\000\040\000i\000n\000\040\000t\000h\000e\000\040\000t\000a\000s\000k\000\040\000d\000o\000m\000a\000i\000n}{section.7.3}% 83
\BOOKMARK [2][-]{subsection.7.3.3}{\376\377\0003\000.\000\040\000S\000u\000p\000p\000o\000r\000t\000\040\000E\000r\000r\000o\000r\000\040\000R\000e\000c\000o\000g\000n\000i\000t\000i\000o\000n\000\040\000a\000n\000d\000\040\000R\000e\000c\000o\000v\000e\000r\000y}{section.7.3}% 84
\BOOKMARK [2][-]{subsection.7.3.4}{\376\377\0004\000\040\000S\000u\000p\000p\000o\000r\000t\000\040\000r\000e\000a\000d\000i\000n\000g\000\040\000t\000o\000\040\000d\000o\000,\000\040\000s\000t\000u\000d\000y\000\040\000a\000n\000d\000\040\000l\000o\000c\000a\000t\000e}{section.7.3}% 85
\BOOKMARK [0][-]{chapter.8}{\376\377\000X\000M\000L}{}% 86
\BOOKMARK [1][-]{section.8.1}{\376\377\122\033\136\372\000X\000M\000L}{chapter.8}% 87
\BOOKMARK [1][-]{section.8.2}{\376\377\122\033\136\372\000C\000S\000S}{chapter.8}% 88
\BOOKMARK [1][-]{section.8.3}{\376\377\122\033\136\372\230\165\227\142\121\205\000D\000T\000D}{chapter.8}% 89
\BOOKMARK [1][-]{section.8.4}{\376\377\122\033\136\372\162\354\172\313\000D\000T\000D\136\166\121\163\200\124\201\363\000x\000m\000l}{chapter.8}% 90
\BOOKMARK [0][-]{chapter.9}{\376\377\000C\000S\000S\000\040\127\372\147\054\116\313\176\315}{}% 91
\BOOKMARK [1][-]{section.9.1}{\376\377\116\300\116\110\146\057\000C\000S\000S}{chapter.9}% 92
\BOOKMARK [2][-]{subsection.9.1.1}{\376\377\227\000\211\201\143\214\143\341\166\204\121\205\133\271\377\032}{section.9.1}% 93
\BOOKMARK [2][-]{subsection.9.1.2}{\376\377\123\125\116\052}{section.9.1}% 94
\BOOKMARK [2][-]{subsection.9.1.3}{\376\377\176\304\124\010}{section.9.1}% 95
\BOOKMARK [1][-]{section.9.2}{\376\377\000C\000S\000S\213\355\154\325}{chapter.9}% 96
\BOOKMARK [2][-]{subsection.9.2.1}{\376\377\220\011\142\351\121\103\175\040}{section.9.2}% 97
\BOOKMARK [2][-]{subsection.9.2.2}{\376\377\220\011\142\351\040\034\174\173\040\035}{section.9.2}% 98
\BOOKMARK [2][-]{subsection.9.2.3}{\376\377\220\011\142\351\000\040\000i\000d}{section.9.2}% 99
\BOOKMARK [0][-]{chapter.10}{\376\377\000D\000I\000T\000A\000\040\137\353\220\037\121\145\225\350}{}% 100
\BOOKMARK [1][-]{section.10.1}{\376\377\000D\000I\000T\000A\000\040\000T\000o\000p\000i\000c\000\040\174\173\127\213}{chapter.10}% 101
\BOOKMARK [1][-]{section.10.2}{\376\377\145\260\136\372\000\040\000C\000o\000n\000c\000e\000p\000t\000\040\116\073\230\230}{chapter.10}% 102
\BOOKMARK [1][-]{section.10.3}{\376\377\145\260\136\372\000\040\000T\000a\000s\000k\000\040\116\073\230\230}{chapter.10}% 103
\BOOKMARK [1][-]{section.10.4}{\376\377\145\260\136\372\000\040\000R\000e\000f\000e\000r\000e\000n\000c\000e\000\040\116\073\230\230}{chapter.10}% 104
\BOOKMARK [1][-]{section.10.5}{\376\377\145\260\136\372\000\040\000T\000r\000o\000u\000b\000l\000e\000s\000h\000o\000o\000t\000i\000n\000g\000\040\116\073\230\230}{chapter.10}% 105
\BOOKMARK [1][-]{section.10.6}{\376\377\117\177\165\050\000\040\000D\000I\000T\000A\000M\000A\000P\000\040\122\033\136\372\217\223\121\372}{chapter.10}% 106
\BOOKMARK [0][-]{chapter.11}{\376\377\000T\000r\000o\000u\000b\000l\000e\000s\000h\000o\000o\000t\000i\000n\000g}{}% 107
\BOOKMARK [1][-]{section.11.1}{\376\377\145\105\226\234}{chapter.11}% 108
\BOOKMARK [1][-]{section.11.2}{\376\377\145\105\226\234\143\222\226\144\117\341\140\157}{chapter.11}% 109
\BOOKMARK [2][-]{subsection.11.2.1}{\376\377\176\323\147\204}{section.11.2}% 110
\BOOKMARK [2][-]{subsection.11.2.2}{\376\377\136\372\152\041}{section.11.2}% 111
\BOOKMARK [1][-]{section.11.3}{\376\377\121\231\117\134\230\316\150\074}{chapter.11}% 112
\BOOKMARK [2][-]{subsection.11.3.1}{\376\377\000<\000t\000i\000t\000l\000e\000>}{section.11.3}% 113
\BOOKMARK [1][-]{section.11.4}{\376\377\171\072\117\213}{chapter.11}% 114
\BOOKMARK [0][-]{chapter.12}{\376\377\000D\000I\000T\000A\000\040\155\361\121\145\116\206\211\343}{}% 115
\BOOKMARK [1][-]{section.12.1}{\376\377\121\205\133\271\131\015\165\050}{chapter.12}% 116
\BOOKMARK [1][-]{section.12.2}{\376\377\145\207\147\054\224\376\143\245}{chapter.12}% 117
\BOOKMARK [2][-]{subsection.12.2.1}{\376\377\166\370\121\163\224\376\143\245}{section.12.2}% 118
\BOOKMARK [3][-]{subsubsection*.22}{\376\377\166\364\143\245\155\373\122\240}{subsection.12.2.1}% 119
\BOOKMARK [3][-]{subsubsection*.23}{\376\377\121\163\174\373\210\150}{subsection.12.2.1}% 120
\BOOKMARK [1][-]{section.12.3}{\376\377\166\370\121\163\215\104\156\220}{chapter.12}% 121
\BOOKMARK [0][-]{chapter.13}{\376\377\000D\000I\000T\000A\156\220\170\001\226\005\213\373}{}% 122
\BOOKMARK [1][-]{section.13.1}{\376\377\145\207\150\143}{chapter.13}% 123
\BOOKMARK [2][-]{subsection.13.1.1}{\376\377\145\207\150\143\133\374\202\052}{section.13.1}% 124
\BOOKMARK [2][-]{subsection.13.1.2}{\376\377\000C\000h\000o\000i\000c\000e\000t\000a\000b\000l\000e}{section.13.1}% 125
\BOOKMARK [2][-]{subsection.13.1.3}{\376\377\000f\000o\000o\000t\000n\000o\000t\000e}{section.13.1}% 126
\BOOKMARK [2][-]{subsection.13.1.4}{\376\377\000r\000e\000l\000a\000t\000i\000o\000n\000s\000h\000i\000p\000\040\000t\000a\000b\000l\000e}{section.13.1}% 127
\BOOKMARK [2][-]{subsection.13.1.5}{\376\377\000X\000M\000L\000\040\000e\000l\000e\000m\000e\000n\000t\000\040\000r\000e\000f\000e\000r\000e\000n\000c\000e}{section.13.1}% 128
\BOOKMARK [0][-]{chapter.14}{\376\377\217\173\221\317\176\247\000D\000I\000T\000A}{}% 129
\BOOKMARK [1][-]{section.14.1}{\376\377\200\314\146\157}{chapter.14}% 130
\BOOKMARK [1][-]{section.14.2}{\376\377\150\070\137\303\162\171\160\271}{chapter.14}% 131
\BOOKMARK [2][-]{subsection.14.2.1}{\376\377\173\200\123\026\121\103\175\040\174\173\127\213\060\001\145\207\150\143\174\173\127\213\060\001\134\136\140\047\226\306}{section.14.2}% 132
\BOOKMARK [2][-]{subsection.14.2.2}{\376\377\116\045\150\074\121\205\133\271\152\041\127\213}{section.14.2}% 133
\BOOKMARK [2][-]{subsection.14.2.3}{\376\377\145\260\130\236\131\032\132\222\117\123\121\103\175\040}{section.14.2}% 134
\BOOKMARK [2][-]{subsection.14.2.4}{\376\377\145\057\143\001\227\136\000X\000M\000L\150\074\137\017}{section.14.2}% 135
\BOOKMARK [1][-]{section.14.3}{\376\377\136\224\165\050\117\030\122\277}{chapter.14}% 136
\BOOKMARK [1][-]{section.14.4}{\376\377\140\073\176\323\116\016\134\125\147\033}{chapter.14}% 137
\BOOKMARK [2][-]{subsection.14.4.1}{\376\377\134\125\147\033}{section.14.4}% 138
\BOOKMARK [0][-]{chapter.15}{\376\377\000D\000I\000T\000A\000\040\215\104\156\220}{}% 139
\BOOKMARK [1][-]{section.15.1}{\376\377\121\231\117\134\230\316\150\074}{chapter.15}% 140
\BOOKMARK [1][-]{section.15.2}{\376\377\121\103\175\040}{chapter.15}% 141
\BOOKMARK [1][-]{section.15.3}{\376\377\217\173\221\317\176\247\000D\000I\000T\000A}{chapter.15}% 142
\BOOKMARK [1][-]{section.15.4}{\376\377\000D\000I\000T\000A\166\370\121\163\135\345\121\167}{chapter.15}% 143
\BOOKMARK [1][-]{section.15.5}{\376\377\166\370\121\163\224\376\143\245}{chapter.15}% 144
\BOOKMARK [0][-]{chapter.16}{\376\377\000X\000S\000L\000-\000F\000O\000\040\150\067\137\017}{}% 145
\BOOKMARK [1][-]{section.16.1}{\376\377\116\300\116\110\146\057\000X\000S\000L\000-\000F\000O}{chapter.16}% 146
\BOOKMARK [1][-]{section.16.2}{\376\377\116\012\142\113\176\303\116\140}{chapter.16}% 147
\BOOKMARK [1][-]{section.16.3}{\376\377\000X\000S\000L\000-\000F\000O\213\355\154\325\213\364\146\016}{chapter.16}% 148
\BOOKMARK [1][-]{section.16.4}{\376\377\123\302\200\003\215\104\145\231}{chapter.16}% 149
\BOOKMARK [2][-]{subsection.16.4.1}{\376\377\000x\000s\000l\000:\000f\000o\000\040\145\131\172\013}{section.16.4}% 150
\BOOKMARK [2][-]{subsection.16.4.2}{\376\377\000x\000s\000l\000:\000f\000o\000\040\123\302\200\003\215\104\145\231}{section.16.4}% 151
\BOOKMARK [2][-]{subsection.16.4.3}{\376\377\123\321\136\003\137\025\144\316}{section.16.4}% 152
\BOOKMARK [0][-]{chapter.17}{\376\377\000D\000I\000T\000A\000\040\000P\000l\000u\000g\000i\000n\000s}{}% 153
\BOOKMARK [1][-]{section.17.1}{\376\377\133\236\117\213}{chapter.17}% 154
\BOOKMARK [1][-]{section.17.2}{\376\377\121\166\116\326\143\322\116\366}{chapter.17}% 155
\BOOKMARK [0][-]{chapter.18}{\376\377\000D\000I\000T\000A\000\040\000P\000D\000F\000\040\150\067\137\017\000p\000l\000u\000g\000i\000n\122\066\117\134}{}% 156
\BOOKMARK [1][-]{section.18.1}{\376\377\122\115\143\320\147\141\116\366}{chapter.18}% 157
\BOOKMARK [1][-]{section.18.2}{\376\377\000o\000r\000g\000.\000d\000i\000t\000a\000.\000p\000d\000f\0002\143\322\116\366}{chapter.18}% 158
\BOOKMARK [2][-]{subsection.18.2.1}{\376\377\142\176\122\060\143\322\116\366\142\100\127\050\117\115\177\156}{section.18.2}% 159
\BOOKMARK [2][-]{subsection.18.2.2}{\376\377\145\207\116\366\131\071\176\323\147\204}{section.18.2}% 160
\BOOKMARK [1][-]{section.18.3}{\376\377\122\033\136\372\000P\000D\000F\000\040\000p\000l\000u\000g\000i\000n}{chapter.18}% 161
\BOOKMARK [1][-]{section.18.4}{\376\377\123\302\200\003\145\131\172\013}{chapter.18}% 162
\BOOKMARK [1][-]{section.18.5}{\376\377\166\370\121\163\215\104\156\220}{chapter.18}% 163
\BOOKMARK [0][-]{chapter.19}{\376\377\000W\000e\000b\000H\000e\000l\000p}{}% 164
\BOOKMARK [1][-]{section.19.1}{\376\377\166\256\200\244\147\204\147\204\136\372\126\150}{chapter.19}% 165
\BOOKMARK [0][-]{chapter.20}{\376\377\145\207\150\143\162\110\227\142\213\276\213\241}{}% 166
\BOOKMARK [1][-]{section.20.1}{\376\377\213\276\213\241\123\237\122\031\000\040\000\050\000C\000R\000A\000P\000\051}{chapter.20}% 167
\BOOKMARK [2][-]{subsection.20.1.1}{\376\377\000C\000o\000n\000t\000r\000a\000s\000t}{section.20.1}% 168
\BOOKMARK [2][-]{subsection.20.1.2}{\376\377\000R\000e\000p\000e\000t\000i\000t\000i\000o\000n}{section.20.1}% 169
\BOOKMARK [2][-]{subsection.20.1.3}{\376\377\000A\000l\000i\000g\000n\000m\000e\000n\000t}{section.20.1}% 170
\BOOKMARK [2][-]{subsection.20.1.4}{\376\377\000P\000r\000o\000x\000i\000m\000i\000t\000y}{section.20.1}% 171
\BOOKMARK [1][-]{section.20.2}{\376\377\221\115\202\162}{chapter.20}% 172
\BOOKMARK [1][-]{section.20.3}{\376\377\133\127\117\123}{chapter.20}% 173
\BOOKMARK [1][-]{section.20.4}{\376\377\000L\000a\000y\000o\000u\000t}{chapter.20}% 174
\BOOKMARK [1][-]{section.20.5}{\376\377\000D\000e\000s\000i\000g\000n\000\040\000S\000y\000s\000t\000e\000m}{chapter.20}% 175
\BOOKMARK [0][-]{chapter.21}{\376\377\220\032\217\307\000C\000S\000S\133\232\122\066\000P\000D\000F\217\223\121\372\150\067\137\017}{}% 176
\BOOKMARK [1][-]{section.21.1}{\376\377\143\222\162\110\127\372\170\100}{chapter.21}% 177
\BOOKMARK [2][-]{subsection.21.1.1}{\376\377\133\127\117\123}{section.21.1}% 178
\BOOKMARK [1][-]{section.21.2}{\376\377\133\232\122\066\152\041\147\177}{chapter.21}% 179
\BOOKMARK [1][-]{section.21.3}{\376\377\000P\000D\000F\131\026\211\302\133\232\122\066}{chapter.21}% 180
\BOOKMARK [2][-]{subsection.21.3.1}{\376\377\133\374\121\145\133\127\117\123}{section.21.3}% 181
\BOOKMARK [2][-]{subsection.21.3.2}{\376\377\143\007\133\232\153\143\145\207\133\127\117\123}{section.21.3}% 182
\BOOKMARK [2][-]{subsection.21.3.3}{\376\377\133\232\122\066\134\001\227\142}{section.21.3}% 183
\BOOKMARK [3][-]{subsubsection*.24}{\376\377\155\373\122\240\000l\000o\000g\000o\116\016\121\372\124\301\147\072\147\204}{subsection.21.3.3}% 184
\BOOKMARK [3][-]{subsubsection*.25}{\376\377\137\256\214\003\000l\000o\000g\000o\116\016\121\372\124\301\147\072\147\204}{subsection.21.3.3}% 185
\BOOKMARK [2][-]{subsection.21.3.4}{\376\377\000\134\000A\000\040\166\204\117\134\165\050}{section.21.3}% 186
\BOOKMARK [3][-]{subsubsection*.26}{\376\377\137\256\214\003\134\001\227\142\150\007\230\230}{subsection.21.3.4}% 187
\BOOKMARK [2][-]{subsection.21.3.5}{\376\377\133\232\122\066\172\340\202\202\150\007\230\230}{section.21.3}% 188
\BOOKMARK [1][-]{section.21.4}{\376\377\173\200\123\026\230\165\167\011\230\165\201\032}{chapter.21}% 189
\BOOKMARK [1][-]{section.21.5}{\376\377\120\273\164\334\137\017\133\232\122\066\152\041\147\177}{chapter.21}% 190
\BOOKMARK [1][-]{section.21.6}{\376\377\123\302\200\003}{chapter.21}% 191
\BOOKMARK [0][-]{chapter.22}{\376\377\142\200\147\057\145\207\150\143\215\050\221\317}{}% 192
\BOOKMARK [1][-]{section.22.1}{\376\377\116\272}{chapter.22}% 193
\BOOKMARK [1][-]{section.22.2}{\376\377\155\101\172\013}{chapter.22}% 194
\BOOKMARK [1][-]{section.22.3}{\376\377\135\345\121\167}{chapter.22}% 195
\BOOKMARK [1][-]{section.22.4}{\376\377\142\200\147\057\145\207\150\143\215\050\221\317\166\204\134\102\153\041}{chapter.22}% 196
\BOOKMARK [2][-]{subsection.22.4.1}{\376\377\121\306\170\156\140\047}{section.22.4}% 197
\BOOKMARK [3][-]{subsubsection*.27}{\376\377\121\205\133\271\176\323\147\204\150\007\121\306}{subsection.22.4.1}% 198
\BOOKMARK [3][-]{subsubsection*.28}{\376\377\123\327\226\120\213\355\212\000}{subsection.22.4.1}% 199
\BOOKMARK [3][-]{subsubsection*.29}{\376\377\213\355\212\000\150\300\155\113\135\345\121\167}{subsection.22.4.1}% 200
\BOOKMARK [1][-]{section.22.5}{\376\377\123\357\165\050\140\047}{chapter.22}% 201
\BOOKMARK [1][-]{section.22.6}{\376\377\165\050\142\067\117\123\232\214\000/\117\341\140\157\117\123\232\214\213\276\213\241}{chapter.22}% 202
\BOOKMARK [0][-]{chapter.23}{\376\377\230\316\150\074\143\007\123\127\116\016\150\300\147\345\126\150}{}% 203
\BOOKMARK [1][-]{section.23.1}{\376\377\230\316\150\074}{chapter.23}% 204
\BOOKMARK [1][-]{section.23.2}{\376\377\137\256\217\157\230\316\150\074}{chapter.23}% 205
\BOOKMARK [2][-]{subsection.23.2.1}{\376\377\000i\000n\000s\000p\000i\000r\000a\000t\000i\000o\000n\000a\000l}{section.23.2}% 206
\BOOKMARK [2][-]{subsection.23.2.2}{\376\377\000R\000e\000s\000p\000o\000n\000s\000i\000b\000l\000e}{section.23.2}% 207
\BOOKMARK [2][-]{subsection.23.2.3}{\376\377\000P\000o\000l\000i\000t\000e}{section.23.2}% 208
\BOOKMARK [1][-]{section.23.3}{\376\377\230\316\150\074\143\007\123\127}{chapter.23}% 209
\BOOKMARK [1][-]{section.23.4}{\376\377\000L\000i\000n\000t\000e\000r}{chapter.23}% 210
\BOOKMARK [0][-]{chapter.24}{\376\377\000V\000a\000l\000e}{}% 211
\BOOKMARK [1][-]{section.24.1}{\376\377\131\202\117\125\117\177\165\050}{chapter.24}% 212
\BOOKMARK [1][-]{section.24.2}{\376\377\122\033\136\372\211\304\122\031}{chapter.24}% 213
\BOOKMARK [2][-]{subsection.24.2.1}{\376\377\211\304\122\031\211\343\213\373}{section.24.2}% 214
\BOOKMARK [2][-]{subsection.24.2.2}{\376\377\122\033\136\372\211\304\122\031}{section.24.2}% 215
\BOOKMARK [3][-]{subsubsection*.30}{\376\377\000V\000a\000l\000e\000\040\000S\000t\000u\000d\000i\000o}{subsection.24.2.2}% 216
\BOOKMARK [3][-]{subsubsection*.31}{\376\377\127\372\147\054\213\355\154\325}{subsection.24.2.2}% 217
\BOOKMARK [3][-]{subsubsection*.32}{\376\377\211\304\122\031\171\072\117\213}{subsection.24.2.2}% 218
\BOOKMARK [1][-]{section.24.3}{\376\377\226\005\213\373\147\120\145\231}{chapter.24}% 219
\BOOKMARK [1][-]{section.24.4}{\376\377\145\207\116\366\116\013\217\175}{chapter.24}% 220
\BOOKMARK [0][-]{chapter.25}{\376\377\123\357\165\050\140\047\155\113\213\325}{}% 221
\BOOKMARK [1][-]{section.25.1}{\376\377\123\357\165\050\140\047\143\007\150\007}{chapter.25}% 222
\BOOKMARK [2][-]{subsection.25.1.1}{\376\377\000E\000f\000f\000e\000c\000t\000i\000v\000e\000n\000e\000s\000s}{section.25.1}% 223
\BOOKMARK [1][-]{section.25.2}{\376\377\000E\000f\000f\000i\000c\000i\000e\000n\000c\000y}{chapter.25}% 224
\BOOKMARK [1][-]{section.25.3}{\376\377\156\341\141\017\136\246}{chapter.25}% 225
\BOOKMARK [1][-]{section.25.4}{\376\377\123\357\165\050\140\047\133\236\232\214}{chapter.25}% 226
\BOOKMARK [2][-]{subsection.25.4.1}{\376\377\133\236\232\214\155\101\172\013}{section.25.4}% 227
\BOOKMARK [3][-]{subsubsection*.33}{\376\377\155\113\213\325\213\241\122\022}{subsection.25.4.1}% 228
\BOOKMARK [1][-]{section.25.5}{\376\377\000S\000p\000h\000i\000n\000x\000\040\145\207\150\143\123\357\165\050\140\047\155\113\213\325}{chapter.25}% 229
\BOOKMARK [2][-]{subsection.25.5.1}{\376\377\163\257\130\203\121\306\131\007}{section.25.5}% 230
\BOOKMARK [2][-]{subsection.25.5.2}{\376\377\155\113\213\325\116\373\122\241}{section.25.5}% 231
\BOOKMARK [2][-]{subsection.25.5.3}{\376\377\122\006\147\220\176\323\147\234}{section.25.5}% 232
\BOOKMARK [1][-]{section.25.6}{\376\377\123\302\200\003\215\104\145\231}{chapter.25}% 233
\BOOKMARK [0][-]{chapter.26}{\376\377\000E\000n\000d\000N\000o\000t\000e\000\040\145\207\150\143\123\357\165\050\140\047\155\113\213\325\134\017\176\304\117\134\116\032}{}% 234
\BOOKMARK [1][-]{section.26.1}{\376\377\117\134\116\032\211\201\154\102}{chapter.26}% 235
\BOOKMARK [1][-]{section.26.2}{\376\377\201\352\135\361\117\134\116\072\210\253\213\325}{chapter.26}% 236
\BOOKMARK [2][-]{subsection.26.2.1}{\376\377\155\113\213\325\122\115\166\204\121\306\131\007\377\032}{section.26.2}% 237
\BOOKMARK [2][-]{subsection.26.2.2}{\376\377\133\236\232\214\122\115\166\204\213\364\146\016}{section.26.2}% 238
\BOOKMARK [2][-]{subsection.26.2.3}{\376\377\137\000\131\313\133\236\232\214}{section.26.2}% 239
\BOOKMARK [1][-]{section.26.3}{\376\377\117\134\116\072\123\357\165\050\140\047\170\024\172\166\126\342\226\037}{chapter.26}% 240
\BOOKMARK [2][-]{subsection.26.3.1}{\376\377\117\134\116\032\135\345\121\167\123\005\000:}{section.26.3}% 241
\BOOKMARK [0][-]{chapter.27}{\376\377\060\012\142\200\147\057\121\231\117\134\133\236\165\050\145\131\172\013\060\013\121\231\117\134\213\364\146\016}{}% 242
\BOOKMARK [1][-]{section.27.1}{\376\377\117\134\116\032\211\201\154\102}{chapter.27}% 243
\BOOKMARK [1][-]{section.27.2}{\376\377\116\072\116\300\116\110\121\231\217\331\147\054\145\131\172\013}{chapter.27}% 244
\BOOKMARK [2][-]{subsection.27.2.1}{\376\377\145\131\133\146\166\370\225\177}{section.27.2}% 245
\BOOKMARK [2][-]{subsection.27.2.2}{\376\377\130\153\210\145\172\172\166\175}{section.27.2}% 246
\BOOKMARK [1][-]{section.27.3}{\376\377\145\131\172\013\166\204\162\171\202\162}{chapter.27}% 247
\BOOKMARK [2][-]{subsection.27.3.1}{\376\377\137\000\156\220}{section.27.3}% 248
\BOOKMARK [2][-]{subsection.27.3.2}{\376\377\155\073\145\131\147\120}{section.27.3}% 249
\BOOKMARK [2][-]{subsection.27.3.3}{\376\377\124\014\117\252\121\231\117\134}{section.27.3}% 250
\BOOKMARK [0][-]{chapter.28}{\376\377\145\131\147\120\121\231\117\134\230\316\150\074\143\007\123\127}{}% 251
\BOOKMARK [1][-]{section.28.1}{\376\377\150\074\137\017}{chapter.28}% 252
\BOOKMARK [2][-]{subsection.28.1.1}{\376\377\145\207\116\366\124\015}{section.28.1}% 253
\BOOKMARK [2][-]{subsection.28.1.2}{\376\377\126\376\162\107}{section.28.1}% 254
